-------------------------------------------------------------------------------
Test set: com.headlightbackend.repositories.HeadlightRepositoryTest
-------------------------------------------------------------------------------
Tests run: 7, Failures: 0, Errors: 2, Skipped: 0, Time elapsed: 2.247 s <<< FAILURE! - in com.headlightbackend.repositories.HeadlightRepositoryTest
HeadlightRepository_FindAllByWrongFilters_ReturnsZeroHeadlightsByFilters  Time elapsed: 0.007 s  <<< ERROR!
java.lang.NoSuchMethodError: 'com.headlightbackend.data.dto.SearchFiltersDTO$SearchFiltersDTOBuilder com.headlightbackend.data.dto.SearchFiltersDTO$SearchFiltersDTOBuilder.brand(java.lang.String)'
	at com.headlightbackend.repositories.HeadlightRepositoryTest.HeadlightRepository_FindAllByWrongFilters_ReturnsZeroHeadlightsByFilters(HeadlightRepositoryTest.java:94)

HeadlightRepository_FindAllByFilters_ReturnsHeadlightByFilters  Time elapsed: 0.003 s  <<< ERROR!
java.lang.NoSuchMethodError: 'com.headlightbackend.data.dto.SearchFiltersDTO$SearchFiltersDTOBuilder com.headlightbackend.data.dto.SearchFiltersDTO$SearchFiltersDTOBuilder.model(java.lang.String)'
	at com.headlightbackend.repositories.HeadlightRepositoryTest.HeadlightRepository_FindAllByFilters_ReturnsHeadlightByFilters(HeadlightRepositoryTest.java:54)

